<?xml version="1.0" encoding="UTF-8"?>
<testsuite xmlns:xsi="http://www.w3.org/2001/XMLSchema-instance" xsi:noNamespaceSchemaLocation="https://maven.apache.org/surefire/maven-surefire-plugin/xsd/surefire-test-report.xsd" name="com.tian.itemcloudprovider.ItemCloudProviderApplicationTests" time="14.605" tests="1" errors="0" skipped="0" failures="0">
  <properties>
    <property name="sun.desktop" value="windows"/>
    <property name="awt.toolkit" value="sun.awt.windows.WToolkit"/>
    <property name="java.specification.version" value="11"/>
    <property name="sun.cpu.isalist" value="amd64"/>
    <property name="sun.jnu.encoding" value="GBK"/>
    <property name="java.class.path" value="F:\myweb\huanying\item-cloud-provider\target\test-classes;F:\myweb\huanying\item-cloud-provider\target\classes;D:\java environment\Maven Repository\org\springframework\boot\spring-boot-starter\2.5.7\spring-boot-starter-2.5.7.jar;D:\java environment\Maven Repository\org\springframework\boot\spring-boot\2.5.7\spring-boot-2.5.7.jar;D:\java environment\Maven Repository\org\springframework\spring-context\5.3.13\spring-context-5.3.13.jar;D:\java environment\Maven Repository\org\springframework\boot\spring-boot-autoconfigure\2.5.7\spring-boot-autoconfigure-2.5.7.jar;D:\java environment\Maven Repository\org\springframework\boot\spring-boot-starter-logging\2.5.7\spring-boot-starter-logging-2.5.7.jar;D:\java environment\Maven Repository\ch\qos\logback\logback-classic\1.2.7\logback-classic-1.2.7.jar;D:\java environment\Maven Repository\ch\qos\logback\logback-core\1.2.7\logback-core-1.2.7.jar;D:\java environment\Maven Repository\org\apache\logging\log4j\log4j-to-slf4j\2.14.1\log4j-to-slf4j-2.14.1.jar;D:\java environment\Maven Repository\org\apache\logging\log4j\log4j-api\2.14.1\log4j-api-2.14.1.jar;D:\java environment\Maven Repository\org\slf4j\jul-to-slf4j\1.7.32\jul-to-slf4j-1.7.32.jar;D:\java environment\Maven Repository\jakarta\annotation\jakarta.annotation-api\1.3.5\jakarta.annotation-api-1.3.5.jar;D:\java environment\Maven Repository\org\springframework\spring-core\5.3.13\spring-core-5.3.13.jar;D:\java environment\Maven Repository\org\springframework\spring-jcl\5.3.13\spring-jcl-5.3.13.jar;D:\java environment\Maven Repository\org\yaml\snakeyaml\1.28\snakeyaml-1.28.jar;D:\java environment\Maven Repository\org\springframework\boot\spring-boot-starter-test\2.5.7\spring-boot-starter-test-2.5.7.jar;D:\java environment\Maven Repository\org\springframework\boot\spring-boot-test\2.5.7\spring-boot-test-2.5.7.jar;D:\java environment\Maven Repository\org\springframework\boot\spring-boot-test-autoconfigure\2.5.7\spring-boot-test-autoconfigure-2.5.7.jar;D:\java environment\Maven Repository\com\jayway\jsonpath\json-path\2.5.0\json-path-2.5.0.jar;D:\java environment\Maven Repository\net\minidev\json-smart\2.4.7\json-smart-2.4.7.jar;D:\java environment\Maven Repository\net\minidev\accessors-smart\2.4.7\accessors-smart-2.4.7.jar;D:\java environment\Maven Repository\org\ow2\asm\asm\9.1\asm-9.1.jar;D:\java environment\Maven Repository\jakarta\xml\bind\jakarta.xml.bind-api\2.3.3\jakarta.xml.bind-api-2.3.3.jar;D:\java environment\Maven Repository\jakarta\activation\jakarta.activation-api\1.2.2\jakarta.activation-api-1.2.2.jar;D:\java environment\Maven Repository\org\assertj\assertj-core\3.19.0\assertj-core-3.19.0.jar;D:\java environment\Maven Repository\org\hamcrest\hamcrest\2.2\hamcrest-2.2.jar;D:\java environment\Maven Repository\org\junit\jupiter\junit-jupiter\5.7.2\junit-jupiter-5.7.2.jar;D:\java environment\Maven Repository\org\junit\jupiter\junit-jupiter-api\5.7.2\junit-jupiter-api-5.7.2.jar;D:\java environment\Maven Repository\org\apiguardian\apiguardian-api\1.1.0\apiguardian-api-1.1.0.jar;D:\java environment\Maven Repository\org\opentest4j\opentest4j\1.2.0\opentest4j-1.2.0.jar;D:\java environment\Maven Repository\org\junit\platform\junit-platform-commons\1.7.2\junit-platform-commons-1.7.2.jar;D:\java environment\Maven Repository\org\junit\jupiter\junit-jupiter-params\5.7.2\junit-jupiter-params-5.7.2.jar;D:\java environment\Maven Repository\org\junit\jupiter\junit-jupiter-engine\5.7.2\junit-jupiter-engine-5.7.2.jar;D:\java environment\Maven Repository\org\junit\platform\junit-platform-engine\1.7.2\junit-platform-engine-1.7.2.jar;D:\java environment\Maven Repository\org\mockito\mockito-core\3.9.0\mockito-core-3.9.0.jar;D:\java environment\Maven Repository\net\bytebuddy\byte-buddy\1.10.22\byte-buddy-1.10.22.jar;D:\java environment\Maven Repository\net\bytebuddy\byte-buddy-agent\1.10.22\byte-buddy-agent-1.10.22.jar;D:\java environment\Maven Repository\org\objenesis\objenesis\3.2\objenesis-3.2.jar;D:\java environment\Maven Repository\org\mockito\mockito-junit-jupiter\3.9.0\mockito-junit-jupiter-3.9.0.jar;D:\java environment\Maven Repository\org\skyscreamer\jsonassert\1.5.0\jsonassert-1.5.0.jar;D:\java environment\Maven Repository\com\vaadin\external\google\android-json\0.0.20131108.vaadin1\android-json-0.0.20131108.vaadin1.jar;D:\java environment\Maven Repository\org\springframework\spring-test\5.3.13\spring-test-5.3.13.jar;D:\java environment\Maven Repository\org\xmlunit\xmlunit-core\2.8.3\xmlunit-core-2.8.3.jar;D:\java environment\Maven Repository\org\springframework\boot\spring-boot-starter-web\2.5.7\spring-boot-starter-web-2.5.7.jar;D:\java environment\Maven Repository\org\springframework\boot\spring-boot-starter-json\2.5.7\spring-boot-starter-json-2.5.7.jar;D:\java environment\Maven Repository\com\fasterxml\jackson\core\jackson-databind\2.12.5\jackson-databind-2.12.5.jar;D:\java environment\Maven Repository\com\fasterxml\jackson\datatype\jackson-datatype-jdk8\2.12.5\jackson-datatype-jdk8-2.12.5.jar;D:\java environment\Maven Repository\com\fasterxml\jackson\datatype\jackson-datatype-jsr310\2.12.5\jackson-datatype-jsr310-2.12.5.jar;D:\java environment\Maven Repository\com\fasterxml\jackson\module\jackson-module-parameter-names\2.12.5\jackson-module-parameter-names-2.12.5.jar;D:\java environment\Maven Repository\org\springframework\boot\spring-boot-starter-tomcat\2.5.7\spring-boot-starter-tomcat-2.5.7.jar;D:\java environment\Maven Repository\org\apache\tomcat\embed\tomcat-embed-core\9.0.55\tomcat-embed-core-9.0.55.jar;D:\java environment\Maven Repository\org\apache\tomcat\embed\tomcat-embed-websocket\9.0.55\tomcat-embed-websocket-9.0.55.jar;D:\java environment\Maven Repository\org\springframework\spring-web\5.3.13\spring-web-5.3.13.jar;D:\java environment\Maven Repository\org\springframework\spring-beans\5.3.13\spring-beans-5.3.13.jar;D:\java environment\Maven Repository\org\springframework\spring-webmvc\5.3.13\spring-webmvc-5.3.13.jar;D:\java environment\Maven Repository\org\springframework\spring-aop\5.3.13\spring-aop-5.3.13.jar;D:\java environment\Maven Repository\org\springframework\spring-expression\5.3.13\spring-expression-5.3.13.jar;D:\java environment\Maven Repository\org\springframework\boot\spring-boot-devtools\2.5.7\spring-boot-devtools-2.5.7.jar;D:\java environment\Maven Repository\org\apache\commons\commons-pool2\2.9.0\commons-pool2-2.9.0.jar;D:\java environment\Maven Repository\com\baomidou\mybatis-plus-boot-starter\3.5.1\mybatis-plus-boot-starter-3.5.1.jar;D:\java environment\Maven Repository\com\baomidou\mybatis-plus\3.5.1\mybatis-plus-3.5.1.jar;D:\java environment\Maven Repository\com\baomidou\mybatis-plus-extension\3.5.1\mybatis-plus-extension-3.5.1.jar;D:\java environment\Maven Repository\com\baomidou\mybatis-plus-core\3.5.1\mybatis-plus-core-3.5.1.jar;D:\java environment\Maven Repository\com\baomidou\mybatis-plus-annotation\3.5.1\mybatis-plus-annotation-3.5.1.jar;D:\java environment\Maven Repository\com\github\jsqlparser\jsqlparser\4.3\jsqlparser-4.3.jar;D:\java environment\Maven Repository\org\mybatis\mybatis\3.5.9\mybatis-3.5.9.jar;D:\java environment\Maven Repository\org\mybatis\mybatis-spring\2.0.6\mybatis-spring-2.0.6.jar;D:\java environment\Maven Repository\org\springframework\boot\spring-boot-starter-jdbc\2.5.7\spring-boot-starter-jdbc-2.5.7.jar;D:\java environment\Maven Repository\com\zaxxer\HikariCP\4.0.3\HikariCP-4.0.3.jar;D:\java environment\Maven Repository\org\springframework\spring-jdbc\5.3.13\spring-jdbc-5.3.13.jar;D:\java environment\Maven Repository\org\springframework\spring-tx\5.3.13\spring-tx-5.3.13.jar;D:\java environment\Maven Repository\mysql\mysql-connector-java\8.0.27\mysql-connector-java-8.0.27.jar;D:\java environment\Maven Repository\com\google\protobuf\protobuf-java\3.11.4\protobuf-java-3.11.4.jar;D:\java environment\Maven Repository\io\springfox\springfox-swagger2\2.9.2\springfox-swagger2-2.9.2.jar;D:\java environment\Maven Repository\io\springfox\springfox-spi\2.9.2\springfox-spi-2.9.2.jar;D:\java environment\Maven Repository\io\springfox\springfox-core\2.9.2\springfox-core-2.9.2.jar;D:\java environment\Maven Repository\io\springfox\springfox-schema\2.9.2\springfox-schema-2.9.2.jar;D:\java environment\Maven Repository\io\springfox\springfox-swagger-common\2.9.2\springfox-swagger-common-2.9.2.jar;D:\java environment\Maven Repository\io\springfox\springfox-spring-web\2.9.2\springfox-spring-web-2.9.2.jar;D:\java environment\Maven Repository\com\google\guava\guava\20.0\guava-20.0.jar;D:\java environment\Maven Repository\com\fasterxml\classmate\1.5.1\classmate-1.5.1.jar;D:\java environment\Maven Repository\org\slf4j\slf4j-api\1.7.32\slf4j-api-1.7.32.jar;D:\java environment\Maven Repository\org\springframework\plugin\spring-plugin-core\1.2.0.RELEASE\spring-plugin-core-1.2.0.RELEASE.jar;D:\java environment\Maven Repository\org\springframework\plugin\spring-plugin-metadata\1.2.0.RELEASE\spring-plugin-metadata-1.2.0.RELEASE.jar;D:\java environment\Maven Repository\org\mapstruct\mapstruct\1.2.0.Final\mapstruct-1.2.0.Final.jar;D:\java environment\Maven Repository\com\github\xiaoymin\swagger-bootstrap-ui\1.9.6\swagger-bootstrap-ui-1.9.6.jar;D:\java environment\Maven Repository\org\javassist\javassist\3.25.0-GA\javassist-3.25.0-GA.jar;D:\java environment\Maven Repository\io\swagger\swagger-annotations\1.6.3\swagger-annotations-1.6.3.jar;D:\java environment\Maven Repository\io\swagger\swagger-models\1.6.3\swagger-models-1.6.3.jar;D:\java environment\Maven Repository\com\fasterxml\jackson\core\jackson-annotations\2.12.5\jackson-annotations-2.12.5.jar;D:\java environment\Maven Repository\org\springframework\boot\spring-boot-starter-validation\2.5.7\spring-boot-starter-validation-2.5.7.jar;D:\java environment\Maven Repository\org\apache\tomcat\embed\tomcat-embed-el\9.0.55\tomcat-embed-el-9.0.55.jar;D:\java environment\Maven Repository\org\hibernate\validator\hibernate-validator\6.2.0.Final\hibernate-validator-6.2.0.Final.jar;D:\java environment\Maven Repository\jakarta\validation\jakarta.validation-api\2.0.2\jakarta.validation-api-2.0.2.jar;D:\java environment\Maven Repository\org\jboss\logging\jboss-logging\3.4.2.Final\jboss-logging-3.4.2.Final.jar;D:\java environment\Maven Repository\org\springframework\cloud\spring-cloud-starter-netflix-eureka-client\3.0.5\spring-cloud-starter-netflix-eureka-client-3.0.5.jar;D:\java environment\Maven Repository\org\springframework\cloud\spring-cloud-starter\3.0.5\spring-cloud-starter-3.0.5.jar;D:\java environment\Maven Repository\org\springframework\cloud\spring-cloud-context\3.0.5\spring-cloud-context-3.0.5.jar;D:\java environment\Maven Repository\org\springframework\security\spring-security-crypto\5.5.3\spring-security-crypto-5.5.3.jar;D:\java environment\Maven Repository\org\springframework\cloud\spring-cloud-commons\3.0.5\spring-cloud-commons-3.0.5.jar;D:\java environment\Maven Repository\org\springframework\security\spring-security-rsa\1.0.10.RELEASE\spring-security-rsa-1.0.10.RELEASE.jar;D:\java environment\Maven Repository\org\bouncycastle\bcpkix-jdk15on\1.68\bcpkix-jdk15on-1.68.jar;D:\java environment\Maven Repository\org\bouncycastle\bcprov-jdk15on\1.68\bcprov-jdk15on-1.68.jar;D:\java environment\Maven Repository\org\springframework\cloud\spring-cloud-netflix-eureka-client\3.0.5\spring-cloud-netflix-eureka-client-3.0.5.jar;D:\java environment\Maven Repository\com\netflix\eureka\eureka-client\1.10.17\eureka-client-1.10.17.jar;D:\java environment\Maven Repository\com\netflix\netflix-commons\netflix-eventbus\0.3.0\netflix-eventbus-0.3.0.jar;D:\java environment\Maven Repository\com\netflix\netflix-commons\netflix-infix\0.3.0\netflix-infix-0.3.0.jar;D:\java environment\Maven Repository\commons-jxpath\commons-jxpath\1.3\commons-jxpath-1.3.jar;D:\java environment\Maven Repository\joda-time\joda-time\2.3\joda-time-2.3.jar;D:\java environment\Maven Repository\org\antlr\antlr-runtime\3.4\antlr-runtime-3.4.jar;D:\java environment\Maven Repository\org\antlr\stringtemplate\3.2.1\stringtemplate-3.2.1.jar;D:\java environment\Maven Repository\antlr\antlr\2.7.7\antlr-2.7.7.jar;D:\java environment\Maven Repository\com\google\code\gson\gson\2.8.9\gson-2.8.9.jar;D:\java environment\Maven Repository\org\apache\commons\commons-math\2.2\commons-math-2.2.jar;D:\java environment\Maven Repository\com\thoughtworks\xstream\xstream\1.4.18\xstream-1.4.18.jar;D:\java environment\Maven Repository\io\github\x-stream\mxparser\1.2.2\mxparser-1.2.2.jar;D:\java environment\Maven Repository\xmlpull\xmlpull\1.1.3.1\xmlpull-1.1.3.1.jar;D:\java environment\Maven Repository\com\netflix\archaius\archaius-core\0.7.6\archaius-core-0.7.6.jar;D:\java environment\Maven Repository\javax\ws\rs\jsr311-api\1.1.1\jsr311-api-1.1.1.jar;D:\java environment\Maven Repository\com\netflix\servo\servo-core\0.12.21\servo-core-0.12.21.jar;D:\java environment\Maven Repository\org\apache\httpcomponents\httpclient\4.5.13\httpclient-4.5.13.jar;D:\java environment\Maven Repository\org\apache\httpcomponents\httpcore\4.4.14\httpcore-4.4.14.jar;D:\java environment\Maven Repository\commons-codec\commons-codec\1.15\commons-codec-1.15.jar;D:\java environment\Maven Repository\com\google\code\findbugs\jsr305\3.0.2\jsr305-3.0.2.jar;D:\java environment\Maven Repository\commons-configuration\commons-configuration\1.10\commons-configuration-1.10.jar;D:\java environment\Maven Repository\commons-lang\commons-lang\2.6\commons-lang-2.6.jar;D:\java environment\Maven Repository\commons-logging\commons-logging\1.1.1\commons-logging-1.1.1.jar;D:\java environment\Maven Repository\com\google\inject\guice\4.1.0\guice-4.1.0.jar;D:\java environment\Maven Repository\javax\inject\javax.inject\1\javax.inject-1.jar;D:\java environment\Maven Repository\aopalliance\aopalliance\1.0\aopalliance-1.0.jar;D:\java environment\Maven Repository\com\github\vlsi\compactmap\compactmap\2.0\compactmap-2.0.jar;D:\java environment\Maven Repository\com\github\andrewoma\dexx\dexx-collections\0.2\dexx-collections-0.2.jar;D:\java environment\Maven Repository\com\fasterxml\jackson\core\jackson-core\2.12.5\jackson-core-2.12.5.jar;D:\java environment\Maven Repository\org\codehaus\jettison\jettison\1.4.0\jettison-1.4.0.jar;D:\java environment\Maven Repository\com\netflix\eureka\eureka-core\1.10.17\eureka-core-1.10.17.jar;D:\java environment\Maven Repository\com\fasterxml\woodstox\woodstox-core\6.2.1\woodstox-core-6.2.1.jar;D:\java environment\Maven Repository\org\codehaus\woodstox\stax2-api\4.2.1\stax2-api-4.2.1.jar;D:\java environment\Maven Repository\org\springframework\cloud\spring-cloud-starter-loadbalancer\3.0.5\spring-cloud-starter-loadbalancer-3.0.5.jar;D:\java environment\Maven Repository\org\springframework\cloud\spring-cloud-loadbalancer\3.0.5\spring-cloud-loadbalancer-3.0.5.jar;D:\java environment\Maven Repository\io\projectreactor\reactor-core\3.4.12\reactor-core-3.4.12.jar;D:\java environment\Maven Repository\org\reactivestreams\reactive-streams\1.0.3\reactive-streams-1.0.3.jar;D:\java environment\Maven Repository\io\projectreactor\addons\reactor-extra\3.4.5\reactor-extra-3.4.5.jar;D:\java environment\Maven Repository\org\springframework\boot\spring-boot-starter-cache\2.5.7\spring-boot-starter-cache-2.5.7.jar;D:\java environment\Maven Repository\org\springframework\spring-context-support\5.3.13\spring-context-support-5.3.13.jar;D:\java environment\Maven Repository\com\stoyanr\evictor\1.0.0\evictor-1.0.0.jar;D:\java environment\Maven Repository\org\projectlombok\lombok\1.18.22\lombok-1.18.22.jar;D:\java environment\Maven Repository\com\tian\server-api\0.0.1-SNAPSHOT\server-api-0.0.1-SNAPSHOT.jar;"/>
    <property name="java.vm.vendor" value="Oracle Corporation"/>
    <property name="sun.arch.data.model" value="64"/>
    <property name="user.variant" value=""/>
    <property name="java.vendor.url" value="http://java.oracle.com/"/>
    <property name="user.timezone" value="Asia/Shanghai"/>
    <property name="java.vm.specification.version" value="11"/>
    <property name="os.name" value="Windows 10"/>
    <property name="sun.java.launcher" value="SUN_STANDARD"/>
    <property name="user.country" value="CN"/>
    <property name="sun.boot.library.path" value="D:\java environment\jdk-11\bin"/>
    <property name="sun.java.command" value="C:\Users\QIGUAN~1\AppData\Local\Temp\surefire6030588370131619807\surefirebooter10581603272777107842.jar C:\Users\Qi Guang\AppData\Local\Temp\surefire6030588370131619807 2022-06-26T17-04-53_996-jvmRun1 surefire10401329529238760582tmp surefire_011587129691984637362tmp"/>
    <property name="jdk.debug" value="release"/>
    <property name="surefire.test.class.path" value="F:\myweb\huanying\item-cloud-provider\target\test-classes;F:\myweb\huanying\item-cloud-provider\target\classes;D:\java environment\Maven Repository\org\springframework\boot\spring-boot-starter\2.5.7\spring-boot-starter-2.5.7.jar;D:\java environment\Maven Repository\org\springframework\boot\spring-boot\2.5.7\spring-boot-2.5.7.jar;D:\java environment\Maven Repository\org\springframework\spring-context\5.3.13\spring-context-5.3.13.jar;D:\java environment\Maven Repository\org\springframework\boot\spring-boot-autoconfigure\2.5.7\spring-boot-autoconfigure-2.5.7.jar;D:\java environment\Maven Repository\org\springframework\boot\spring-boot-starter-logging\2.5.7\spring-boot-starter-logging-2.5.7.jar;D:\java environment\Maven Repository\ch\qos\logback\logback-classic\1.2.7\logback-classic-1.2.7.jar;D:\java environment\Maven Repository\ch\qos\logback\logback-core\1.2.7\logback-core-1.2.7.jar;D:\java environment\Maven Repository\org\apache\logging\log4j\log4j-to-slf4j\2.14.1\log4j-to-slf4j-2.14.1.jar;D:\java environment\Maven Repository\org\apache\logging\log4j\log4j-api\2.14.1\log4j-api-2.14.1.jar;D:\java environment\Maven Repository\org\slf4j\jul-to-slf4j\1.7.32\jul-to-slf4j-1.7.32.jar;D:\java environment\Maven Repository\jakarta\annotation\jakarta.annotation-api\1.3.5\jakarta.annotation-api-1.3.5.jar;D:\java environment\Maven Repository\org\springframework\spring-core\5.3.13\spring-core-5.3.13.jar;D:\java environment\Maven Repository\org\springframework\spring-jcl\5.3.13\spring-jcl-5.3.13.jar;D:\java environment\Maven Repository\org\yaml\snakeyaml\1.28\snakeyaml-1.28.jar;D:\java environment\Maven Repository\org\springframework\boot\spring-boot-starter-test\2.5.7\spring-boot-starter-test-2.5.7.jar;D:\java environment\Maven Repository\org\springframework\boot\spring-boot-test\2.5.7\spring-boot-test-2.5.7.jar;D:\java environment\Maven Repository\org\springframework\boot\spring-boot-test-autoconfigure\2.5.7\spring-boot-test-autoconfigure-2.5.7.jar;D:\java environment\Maven Repository\com\jayway\jsonpath\json-path\2.5.0\json-path-2.5.0.jar;D:\java environment\Maven Repository\net\minidev\json-smart\2.4.7\json-smart-2.4.7.jar;D:\java environment\Maven Repository\net\minidev\accessors-smart\2.4.7\accessors-smart-2.4.7.jar;D:\java environment\Maven Repository\org\ow2\asm\asm\9.1\asm-9.1.jar;D:\java environment\Maven Repository\jakarta\xml\bind\jakarta.xml.bind-api\2.3.3\jakarta.xml.bind-api-2.3.3.jar;D:\java environment\Maven Repository\jakarta\activation\jakarta.activation-api\1.2.2\jakarta.activation-api-1.2.2.jar;D:\java environment\Maven Repository\org\assertj\assertj-core\3.19.0\assertj-core-3.19.0.jar;D:\java environment\Maven Repository\org\hamcrest\hamcrest\2.2\hamcrest-2.2.jar;D:\java environment\Maven Repository\org\junit\jupiter\junit-jupiter\5.7.2\junit-jupiter-5.7.2.jar;D:\java environment\Maven Repository\org\junit\jupiter\junit-jupiter-api\5.7.2\junit-jupiter-api-5.7.2.jar;D:\java environment\Maven Repository\org\apiguardian\apiguardian-api\1.1.0\apiguardian-api-1.1.0.jar;D:\java environment\Maven Repository\org\opentest4j\opentest4j\1.2.0\opentest4j-1.2.0.jar;D:\java environment\Maven Repository\org\junit\platform\junit-platform-commons\1.7.2\junit-platform-commons-1.7.2.jar;D:\java environment\Maven Repository\org\junit\jupiter\junit-jupiter-params\5.7.2\junit-jupiter-params-5.7.2.jar;D:\java environment\Maven Repository\org\junit\jupiter\junit-jupiter-engine\5.7.2\junit-jupiter-engine-5.7.2.jar;D:\java environment\Maven Repository\org\junit\platform\junit-platform-engine\1.7.2\junit-platform-engine-1.7.2.jar;D:\java environment\Maven Repository\org\mockito\mockito-core\3.9.0\mockito-core-3.9.0.jar;D:\java environment\Maven Repository\net\bytebuddy\byte-buddy\1.10.22\byte-buddy-1.10.22.jar;D:\java environment\Maven Repository\net\bytebuddy\byte-buddy-agent\1.10.22\byte-buddy-agent-1.10.22.jar;D:\java environment\Maven Repository\org\objenesis\objenesis\3.2\objenesis-3.2.jar;D:\java environment\Maven Repository\org\mockito\mockito-junit-jupiter\3.9.0\mockito-junit-jupiter-3.9.0.jar;D:\java environment\Maven Repository\org\skyscreamer\jsonassert\1.5.0\jsonassert-1.5.0.jar;D:\java environment\Maven Repository\com\vaadin\external\google\android-json\0.0.20131108.vaadin1\android-json-0.0.20131108.vaadin1.jar;D:\java environment\Maven Repository\org\springframework\spring-test\5.3.13\spring-test-5.3.13.jar;D:\java environment\Maven Repository\org\xmlunit\xmlunit-core\2.8.3\xmlunit-core-2.8.3.jar;D:\java environment\Maven Repository\org\springframework\boot\spring-boot-starter-web\2.5.7\spring-boot-starter-web-2.5.7.jar;D:\java environment\Maven Repository\org\springframework\boot\spring-boot-starter-json\2.5.7\spring-boot-starter-json-2.5.7.jar;D:\java environment\Maven Repository\com\fasterxml\jackson\core\jackson-databind\2.12.5\jackson-databind-2.12.5.jar;D:\java environment\Maven Repository\com\fasterxml\jackson\datatype\jackson-datatype-jdk8\2.12.5\jackson-datatype-jdk8-2.12.5.jar;D:\java environment\Maven Repository\com\fasterxml\jackson\datatype\jackson-datatype-jsr310\2.12.5\jackson-datatype-jsr310-2.12.5.jar;D:\java environment\Maven Repository\com\fasterxml\jackson\module\jackson-module-parameter-names\2.12.5\jackson-module-parameter-names-2.12.5.jar;D:\java environment\Maven Repository\org\springframework\boot\spring-boot-starter-tomcat\2.5.7\spring-boot-starter-tomcat-2.5.7.jar;D:\java environment\Maven Repository\org\apache\tomcat\embed\tomcat-embed-core\9.0.55\tomcat-embed-core-9.0.55.jar;D:\java environment\Maven Repository\org\apache\tomcat\embed\tomcat-embed-websocket\9.0.55\tomcat-embed-websocket-9.0.55.jar;D:\java environment\Maven Repository\org\springframework\spring-web\5.3.13\spring-web-5.3.13.jar;D:\java environment\Maven Repository\org\springframework\spring-beans\5.3.13\spring-beans-5.3.13.jar;D:\java environment\Maven Repository\org\springframework\spring-webmvc\5.3.13\spring-webmvc-5.3.13.jar;D:\java environment\Maven Repository\org\springframework\spring-aop\5.3.13\spring-aop-5.3.13.jar;D:\java environment\Maven Repository\org\springframework\spring-expression\5.3.13\spring-expression-5.3.13.jar;D:\java environment\Maven Repository\org\springframework\boot\spring-boot-devtools\2.5.7\spring-boot-devtools-2.5.7.jar;D:\java environment\Maven Repository\org\apache\commons\commons-pool2\2.9.0\commons-pool2-2.9.0.jar;D:\java environment\Maven Repository\com\baomidou\mybatis-plus-boot-starter\3.5.1\mybatis-plus-boot-starter-3.5.1.jar;D:\java environment\Maven Repository\com\baomidou\mybatis-plus\3.5.1\mybatis-plus-3.5.1.jar;D:\java environment\Maven Repository\com\baomidou\mybatis-plus-extension\3.5.1\mybatis-plus-extension-3.5.1.jar;D:\java environment\Maven Repository\com\baomidou\mybatis-plus-core\3.5.1\mybatis-plus-core-3.5.1.jar;D:\java environment\Maven Repository\com\baomidou\mybatis-plus-annotation\3.5.1\mybatis-plus-annotation-3.5.1.jar;D:\java environment\Maven Repository\com\github\jsqlparser\jsqlparser\4.3\jsqlparser-4.3.jar;D:\java environment\Maven Repository\org\mybatis\mybatis\3.5.9\mybatis-3.5.9.jar;D:\java environment\Maven Repository\org\mybatis\mybatis-spring\2.0.6\mybatis-spring-2.0.6.jar;D:\java environment\Maven Repository\org\springframework\boot\spring-boot-starter-jdbc\2.5.7\spring-boot-starter-jdbc-2.5.7.jar;D:\java environment\Maven Repository\com\zaxxer\HikariCP\4.0.3\HikariCP-4.0.3.jar;D:\java environment\Maven Repository\org\springframework\spring-jdbc\5.3.13\spring-jdbc-5.3.13.jar;D:\java environment\Maven Repository\org\springframework\spring-tx\5.3.13\spring-tx-5.3.13.jar;D:\java environment\Maven Repository\mysql\mysql-connector-java\8.0.27\mysql-connector-java-8.0.27.jar;D:\java environment\Maven Repository\com\google\protobuf\protobuf-java\3.11.4\protobuf-java-3.11.4.jar;D:\java environment\Maven Repository\io\springfox\springfox-swagger2\2.9.2\springfox-swagger2-2.9.2.jar;D:\java environment\Maven Repository\io\springfox\springfox-spi\2.9.2\springfox-spi-2.9.2.jar;D:\java environment\Maven Repository\io\springfox\springfox-core\2.9.2\springfox-core-2.9.2.jar;D:\java environment\Maven Repository\io\springfox\springfox-schema\2.9.2\springfox-schema-2.9.2.jar;D:\java environment\Maven Repository\io\springfox\springfox-swagger-common\2.9.2\springfox-swagger-common-2.9.2.jar;D:\java environment\Maven Repository\io\springfox\springfox-spring-web\2.9.2\springfox-spring-web-2.9.2.jar;D:\java environment\Maven Repository\com\google\guava\guava\20.0\guava-20.0.jar;D:\java environment\Maven Repository\com\fasterxml\classmate\1.5.1\classmate-1.5.1.jar;D:\java environment\Maven Repository\org\slf4j\slf4j-api\1.7.32\slf4j-api-1.7.32.jar;D:\java environment\Maven Repository\org\springframework\plugin\spring-plugin-core\1.2.0.RELEASE\spring-plugin-core-1.2.0.RELEASE.jar;D:\java environment\Maven Repository\org\springframework\plugin\spring-plugin-metadata\1.2.0.RELEASE\spring-plugin-metadata-1.2.0.RELEASE.jar;D:\java environment\Maven Repository\org\mapstruct\mapstruct\1.2.0.Final\mapstruct-1.2.0.Final.jar;D:\java environment\Maven Repository\com\github\xiaoymin\swagger-bootstrap-ui\1.9.6\swagger-bootstrap-ui-1.9.6.jar;D:\java environment\Maven Repository\org\javassist\javassist\3.25.0-GA\javassist-3.25.0-GA.jar;D:\java environment\Maven Repository\io\swagger\swagger-annotations\1.6.3\swagger-annotations-1.6.3.jar;D:\java environment\Maven Repository\io\swagger\swagger-models\1.6.3\swagger-models-1.6.3.jar;D:\java environment\Maven Repository\com\fasterxml\jackson\core\jackson-annotations\2.12.5\jackson-annotations-2.12.5.jar;D:\java environment\Maven Repository\org\springframework\boot\spring-boot-starter-validation\2.5.7\spring-boot-starter-validation-2.5.7.jar;D:\java environment\Maven Repository\org\apache\tomcat\embed\tomcat-embed-el\9.0.55\tomcat-embed-el-9.0.55.jar;D:\java environment\Maven Repository\org\hibernate\validator\hibernate-validator\6.2.0.Final\hibernate-validator-6.2.0.Final.jar;D:\java environment\Maven Repository\jakarta\validation\jakarta.validation-api\2.0.2\jakarta.validation-api-2.0.2.jar;D:\java environment\Maven Repository\org\jboss\logging\jboss-logging\3.4.2.Final\jboss-logging-3.4.2.Final.jar;D:\java environment\Maven Repository\org\springframework\cloud\spring-cloud-starter-netflix-eureka-client\3.0.5\spring-cloud-starter-netflix-eureka-client-3.0.5.jar;D:\java environment\Maven Repository\org\springframework\cloud\spring-cloud-starter\3.0.5\spring-cloud-starter-3.0.5.jar;D:\java environment\Maven Repository\org\springframework\cloud\spring-cloud-context\3.0.5\spring-cloud-context-3.0.5.jar;D:\java environment\Maven Repository\org\springframework\security\spring-security-crypto\5.5.3\spring-security-crypto-5.5.3.jar;D:\java environment\Maven Repository\org\springframework\cloud\spring-cloud-commons\3.0.5\spring-cloud-commons-3.0.5.jar;D:\java environment\Maven Repository\org\springframework\security\spring-security-rsa\1.0.10.RELEASE\spring-security-rsa-1.0.10.RELEASE.jar;D:\java environment\Maven Repository\org\bouncycastle\bcpkix-jdk15on\1.68\bcpkix-jdk15on-1.68.jar;D:\java environment\Maven Repository\org\bouncycastle\bcprov-jdk15on\1.68\bcprov-jdk15on-1.68.jar;D:\java environment\Maven Repository\org\springframework\cloud\spring-cloud-netflix-eureka-client\3.0.5\spring-cloud-netflix-eureka-client-3.0.5.jar;D:\java environment\Maven Repository\com\netflix\eureka\eureka-client\1.10.17\eureka-client-1.10.17.jar;D:\java environment\Maven Repository\com\netflix\netflix-commons\netflix-eventbus\0.3.0\netflix-eventbus-0.3.0.jar;D:\java environment\Maven Repository\com\netflix\netflix-commons\netflix-infix\0.3.0\netflix-infix-0.3.0.jar;D:\java environment\Maven Repository\commons-jxpath\commons-jxpath\1.3\commons-jxpath-1.3.jar;D:\java environment\Maven Repository\joda-time\joda-time\2.3\joda-time-2.3.jar;D:\java environment\Maven Repository\org\antlr\antlr-runtime\3.4\antlr-runtime-3.4.jar;D:\java environment\Maven Repository\org\antlr\stringtemplate\3.2.1\stringtemplate-3.2.1.jar;D:\java environment\Maven Repository\antlr\antlr\2.7.7\antlr-2.7.7.jar;D:\java environment\Maven Repository\com\google\code\gson\gson\2.8.9\gson-2.8.9.jar;D:\java environment\Maven Repository\org\apache\commons\commons-math\2.2\commons-math-2.2.jar;D:\java environment\Maven Repository\com\thoughtworks\xstream\xstream\1.4.18\xstream-1.4.18.jar;D:\java environment\Maven Repository\io\github\x-stream\mxparser\1.2.2\mxparser-1.2.2.jar;D:\java environment\Maven Repository\xmlpull\xmlpull\1.1.3.1\xmlpull-1.1.3.1.jar;D:\java environment\Maven Repository\com\netflix\archaius\archaius-core\0.7.6\archaius-core-0.7.6.jar;D:\java environment\Maven Repository\javax\ws\rs\jsr311-api\1.1.1\jsr311-api-1.1.1.jar;D:\java environment\Maven Repository\com\netflix\servo\servo-core\0.12.21\servo-core-0.12.21.jar;D:\java environment\Maven Repository\org\apache\httpcomponents\httpclient\4.5.13\httpclient-4.5.13.jar;D:\java environment\Maven Repository\org\apache\httpcomponents\httpcore\4.4.14\httpcore-4.4.14.jar;D:\java environment\Maven Repository\commons-codec\commons-codec\1.15\commons-codec-1.15.jar;D:\java environment\Maven Repository\com\google\code\findbugs\jsr305\3.0.2\jsr305-3.0.2.jar;D:\java environment\Maven Repository\commons-configuration\commons-configuration\1.10\commons-configuration-1.10.jar;D:\java environment\Maven Repository\commons-lang\commons-lang\2.6\commons-lang-2.6.jar;D:\java environment\Maven Repository\commons-logging\commons-logging\1.1.1\commons-logging-1.1.1.jar;D:\java environment\Maven Repository\com\google\inject\guice\4.1.0\guice-4.1.0.jar;D:\java environment\Maven Repository\javax\inject\javax.inject\1\javax.inject-1.jar;D:\java environment\Maven Repository\aopalliance\aopalliance\1.0\aopalliance-1.0.jar;D:\java environment\Maven Repository\com\github\vlsi\compactmap\compactmap\2.0\compactmap-2.0.jar;D:\java environment\Maven Repository\com\github\andrewoma\dexx\dexx-collections\0.2\dexx-collections-0.2.jar;D:\java environment\Maven Repository\com\fasterxml\jackson\core\jackson-core\2.12.5\jackson-core-2.12.5.jar;D:\java environment\Maven Repository\org\codehaus\jettison\jettison\1.4.0\jettison-1.4.0.jar;D:\java environment\Maven Repository\com\netflix\eureka\eureka-core\1.10.17\eureka-core-1.10.17.jar;D:\java environment\Maven Repository\com\fasterxml\woodstox\woodstox-core\6.2.1\woodstox-core-6.2.1.jar;D:\java environment\Maven Repository\org\codehaus\woodstox\stax2-api\4.2.1\stax2-api-4.2.1.jar;D:\java environment\Maven Repository\org\springframework\cloud\spring-cloud-starter-loadbalancer\3.0.5\spring-cloud-starter-loadbalancer-3.0.5.jar;D:\java environment\Maven Repository\org\springframework\cloud\spring-cloud-loadbalancer\3.0.5\spring-cloud-loadbalancer-3.0.5.jar;D:\java environment\Maven Repository\io\projectreactor\reactor-core\3.4.12\reactor-core-3.4.12.jar;D:\java environment\Maven Repository\org\reactivestreams\reactive-streams\1.0.3\reactive-streams-1.0.3.jar;D:\java environment\Maven Repository\io\projectreactor\addons\reactor-extra\3.4.5\reactor-extra-3.4.5.jar;D:\java environment\Maven Repository\org\springframework\boot\spring-boot-starter-cache\2.5.7\spring-boot-starter-cache-2.5.7.jar;D:\java environment\Maven Repository\org\springframework\spring-context-support\5.3.13\spring-context-support-5.3.13.jar;D:\java environment\Maven Repository\com\stoyanr\evictor\1.0.0\evictor-1.0.0.jar;D:\java environment\Maven Repository\org\projectlombok\lombok\1.18.22\lombok-1.18.22.jar;D:\java environment\Maven Repository\com\tian\server-api\0.0.1-SNAPSHOT\server-api-0.0.1-SNAPSHOT.jar;"/>
    <property name="sun.cpu.endian" value="little"/>
    <property name="user.home" value="C:\Users\Qi Guang"/>
    <property name="user.language" value="zh"/>
    <property name="java.specification.vendor" value="Oracle Corporation"/>
    <property name="java.version.date" value="2018-09-25"/>
    <property name="java.home" value="D:\java environment\jdk-11"/>
    <property name="file.separator" value="\"/>
    <property name="basedir" value="F:\myweb\huanying\item-cloud-provider"/>
    <property name="java.vm.compressedOopsMode" value="Zero based"/>
    <property name="line.separator" value="&#10;"/>
    <property name="java.specification.name" value="Java Platform API Specification"/>
    <property name="java.vm.specification.vendor" value="Oracle Corporation"/>
    <property name="java.awt.graphicsenv" value="sun.awt.Win32GraphicsEnvironment"/>
    <property name="surefire.real.class.path" value="C:\Users\QIGUAN~1\AppData\Local\Temp\surefire6030588370131619807\surefirebooter10581603272777107842.jar"/>
    <property name="user.script" value=""/>
    <property name="sun.management.compiler" value="HotSpot 64-Bit Tiered Compilers"/>
    <property name="java.runtime.version" value="11+28"/>
    <property name="user.name" value="Qi Guang"/>
    <property name="path.separator" value=";"/>
    <property name="os.version" value="10.0"/>
    <property name="java.runtime.name" value="OpenJDK Runtime Environment"/>
    <property name="file.encoding" value="GBK"/>
    <property name="java.vm.name" value="OpenJDK 64-Bit Server VM"/>
    <property name="idea.version2020.1" value="true"/>
    <property name="java.vendor.version" value="18.9"/>
    <property name="localRepository" value="D:\java environment\Maven Repository"/>
    <property name="java.vendor.url.bug" value="http://bugreport.java.com/bugreport/"/>
    <property name="java.io.tmpdir" value="C:\Users\QIGUAN~1\AppData\Local\Temp\"/>
    <property name="java.version" value="11"/>
    <property name="user.dir" value="F:\myweb\huanying\item-cloud-provider"/>
    <property name="os.arch" value="amd64"/>
    <property name="java.vm.specification.name" value="Java Virtual Machine Specification"/>
    <property name="java.awt.printerjob" value="sun.awt.windows.WPrinterJob"/>
    <property name="sun.os.patch.level" value=""/>
    <property name="java.library.path" value="D:\java environment\jdk-11\bin;C:\WINDOWS\Sun\Java\bin;C:\WINDOWS\system32;C:\WINDOWS;D:\software\VMware\bin\;C:\Program Files (x86)\Common Files\Intel\Shared Libraries\redist\intel64_win\compiler;C:\Program Files (x86)\Common Files\Intel\Shared Libraries\redist\intel64\compiler;C:\Program Files (x86)\Intel\iCLS Client\;C:\Program Files\Intel\iCLS Client\;C:\Windows\system32;C:\Windows;C:\Windows\System32\Wbem;C:\Windows\System32\WindowsPowerShell\v1.0\;C:\Program Files (x86)\Intel\Intel(R) Management Engine Components\DAL;C:\Program Files\Intel\Intel(R) Management Engine Components\DAL;C:\Program Files (x86)\Intel\Intel(R) Management Engine Components\IPT;C:\Program Files\Intel\Intel(R) Management Engine Components\IPT;C:\Program Files\Common Files\Autodesk Shared\;C:\Program Files (x86)\Common Files\Thunder Network\KanKan\Codecs;C:\Program Files\Microsoft SQL Server\Client SDK\ODBC\110\Tools\Binn\;C:\Program Files (x86)\Microsoft SQL Server\120\Tools\Binn\;C:\Program Files\Microsoft SQL Server\120\Tools\Binn\;C:\Program Files\Microsoft SQL Server\120\DTS\Binn\;C:\Program Files (x86)\Windows Kits\8.1\Windows Performance Toolkit\;C:\Program Files\NVIDIA Corporation\NVIDIA NvDLISR;D:\JDK\bin;C:\Program Files (x86)\Microsoft SQL Server\140\Tools\Binn\;C:\Program Files\Microsoft SQL Server\140\Tools\Binn\;C:\Program Files (x86)\Microsoft SQL Server\140\DTS\Binn\;C:\Program Files\Microsoft SQL Server\140\DTS\Binn\;C:\Program Files\Microsoft SQL Server\Client SDK\ODBC\130\Tools\Binn\;C:\Program Files (x86)\Microsoft SQL Server\Client SDK\ODBC\130\Tools\Binn\;C:\Program Files (x86)\Microsoft SQL Server\140\Tools\Binn\ManagementStudio\;D:\java environment\jdk-11\bin;D:\java environment\jdk-11\jre\bin;C:\Program Files\MySQL\MySQL Server 8.0\bin;C:\WINDOWS\system32;C:\WINDOWS;C:\WINDOWS\System32\Wbem;C:\WINDOWS\System32\WindowsPowerShell\v1.0\;C:\WINDOWS\System32\OpenSSH\;D:\java environment\apache-maven-3.6.3\bin;D:\MySQL\MySQL\bin;C:\Program Files\Tesseract-OCR;D:\java environment\apache-tomcat-9.0.44\bin;D:\java environment\apache-tomcat-9.0.44\lib;D:\软件安装\GIT\Git\cmd;D:\software\XShell\;C:\Program Files (x86)\NetSarang\Xftp 7\;D:\java environment\Nodejs\;C:\Program Files\Microsoft SQL Server\130\Tools\Binn\;D:\Anaconda;D:\Anaconda\Library\mingw-w64\bin;D:\Anaconda\Library\usr\bin;D:\Anaconda\Library\bin;D:\Anaconda\Scripts;C:\Program Files\MySQL\MySQL Shell 8.0\bin\;D:\软件安装\Python\Scripts;D:\软件安装\Python\;C:Users\Qi Guang\AppData\Local\Microsoft\WindowsApps;D:\软件安装\Fiddler;D:\软件安装\MongoDB\bin;D:\软件安装\DockerToolbox\Docker Toolbox;D:软件安装\DockerToolbox\Docker Toolbox;C:Program Files\Docker Toolbox;D:\ffmpeg\bin;D:\java environment\IntelliJ IDEA\IntelliJ IDEA 2020.1\bin;;;D:\software\VSCode\Microsoft VS Code\bin;C:\Users\Qi Guang\AppData\Roaming\npm;."/>
    <property name="java.vendor" value="Oracle Corporation"/>
    <property name="java.vm.info" value="mixed mode"/>
    <property name="java.vm.version" value="11+28"/>
    <property name="sun.io.unicode.encoding" value="UnicodeLittle"/>
    <property name="maven.repo.local" value="D:\java environment\Maven Repository"/>
    <property name="java.class.version" value="55.0"/>
  </properties>
  <testcase name="contextLoads" classname="com.tian.itemcloudprovider.ItemCloudProviderApplicationTests" time="0.268"/>
</testsuite>